<?xml version="1.0" encoding="UTF-8"?>
<testsuite name="APIAutomationATB6x1"
           tests="6"
           failures="0"
           errors="0"
           skipped="0"
           time="0.019">
    <properties></properties>



            <testcase
                name="testMethods4"
                time="0.001"
                classname="com.thetestingacademy.tests.misc.parrallel.MainClass">
            </testcase>
            <testcase
                name="testMethods1"
                time="0.017"
                classname="com.thetestingacademy.tests.misc.parrallel.MainClass">
            </testcase>
            <testcase
                name="testMethods6"
                time="0.000"
                classname="com.thetestingacademy.tests.misc.parrallel.MainClass">
            </testcase>
            <testcase
                name="testMethods2"
                time="0.001"
                classname="com.thetestingacademy.tests.misc.parrallel.MainClass">
            </testcase>
            <testcase
                name="testMethods3"
                time="0.000"
                classname="com.thetestingacademy.tests.misc.parrallel.MainClass">
            </testcase>
            <testcase
                name="testMethodsO5"
                time="0.000"
                classname="com.thetestingacademy.tests.misc.parrallel.MainClass">
            </testcase>
</testsuite>
