<?xml version="1.0" encoding="UTF-8"?>
<testsuite name="APIAutomationATB6x"
           tests="4"
           failures="0"
           errors="0"
           skipped="0"
           time="0.018">
    <properties></properties>



            <testcase
                name="testCreateBooking"
                time="0.015"
                classname="com.thetestingacademy.tests.integration.sample.TCIntegration">
            </testcase>
            <testcase
                name="testDeleteBookingById"
                time="0.001"
                classname="com.thetestingacademy.tests.integration.sample.TCIntegration">
            </testcase>
            <testcase
                name="testVerifyBookingId"
                time="0.001"
                classname="com.thetestingacademy.tests.integration.sample.TCIntegration">
            </testcase>
            <testcase
                name="testUpdateBookingByID"
                time="0.001"
                classname="com.thetestingacademy.tests.integration.sample.TCIntegration">
            </testcase>
</testsuite>
